[debug] [2024-01-24T20:02:06.915Z] ----------------------------------------------------------------------
[debug] [2024-01-24T20:02:06.917Z] Command:       C:\Program Files\nodejs\node.exe C:\Users\HP\AppData\Roaming\npm\node_modules\firebase-tools\lib\bin\firebase.js init hosting
[debug] [2024-01-24T20:02:06.918Z] CLI Version:   12.4.6
[debug] [2024-01-24T20:02:06.918Z] Platform:      win32
[debug] [2024-01-24T20:02:06.918Z] Node Version:  v20.10.0
[debug] [2024-01-24T20:02:06.918Z] Time:          Wed Jan 24 2024 20:02:06 GMT+0000 (Coordinated Universal Time)
[debug] [2024-01-24T20:02:06.918Z] ----------------------------------------------------------------------
[debug] 
[debug] [2024-01-24T20:02:06.923Z] > command requires scopes: ["email","openid","https://www.googleapis.com/auth/cloudplatformprojects.readonly","https://www.googleapis.com/auth/firebase","https://www.googleapis.com/auth/cloud-platform"]
[debug] [2024-01-24T20:02:06.924Z] > authorizing via signed-in user (ugnicholas@gmail.com)
[info] 
     ######## #### ########  ######## ########     ###     ######  ########
     ##        ##  ##     ## ##       ##     ##  ##   ##  ##       ##
     ######    ##  ########  ######   ########  #########  ######  ######
     ##        ##  ##    ##  ##       ##     ## ##     ##       ## ##
     ##       #### ##     ## ######## ########  ##     ##  ######  ########

You're about to initialize a Firebase project in this directory:

  C:\Users\HP\Documents\GitHub\loan-app

[info] 
=== Project Setup
[info] 
[info] First, let's associate this project directory with a Firebase project.
[info] You can create multiple project aliases by running firebase use --add, 
[info] but for now we'll just set up a default project.
[info] 
[debug] [2024-01-24T20:02:26.568Z] >>> [apiv2][query] GET https://firebase.googleapis.com/v1beta1/projects pageSize=100
[debug] [2024-01-24T20:02:27.338Z] <<< [apiv2][status] GET https://firebase.googleapis.com/v1beta1/projects 200
[debug] [2024-01-24T20:02:27.338Z] <<< [apiv2][body] GET https://firebase.googleapis.com/v1beta1/projects [omitted]
[info] i  Using project delcy-loan (delcy-loan) 
[info] 
=== Hosting Setup
[info] 
[info] Your public directory is the folder (relative to your project directory) that
[info] will contain Hosting assets to be uploaded with firebase deploy. If you
[info] have a build process for your assets, use your build's output directory.
[info] 
